<?xml version="1.0" encoding="utf-8"?><testsuites name="pytest tests"><testsuite name="pytest" errors="0" failures="1" skipped="0" tests="17" time="4.410" timestamp="2026-05-29T08:07:23.278302+00:00" hostname="agent-env-4dab4e2c-2afb-4ed4-8bd5-9ad84ac0fbd8"><testcase classname="backend.tests.backend_test.TestAuth" name="test_request_otp_and_register" time="0.661" /><testcase classname="backend.tests.backend_test.TestRuns" name="test_valid_loop_run" time="0.549" /><testcase classname="backend.tests.backend_test.TestRuns" name="test_teleport_rejected" time="0.107" /><testcase classname="backend.tests.backend_test.TestRuns" name="test_too_few_points_rejected" time="0.125" /><testcase classname="backend.tests.backend_test.TestRuns" name="test_takeover_by_user_b" time="0.547" /><testcase classname="backend.tests.backend_test.TestTerritory" name="test_territory_me" time="0.104" /><testcase classname="backend.tests.backend_test.TestTerritory" name="test_territory_cells_in_bbox" time="0.102" /><testcase classname="backend.tests.backend_test.TestTerritory" name="test_territory_leaderboard" time="0.111" /><testcase classname="backend.tests.backend_test.TestTerritory" name="test_territory_peaks_me" time="0.103" /><testcase classname="backend.tests.backend_test.TestClubs" name="test_club_create_fields" time="0.107" /><testcase classname="backend.tests.backend_test.TestClubs" name="test_my_and_city_lists" time="0.206"><failure message="assert False&#10; +  where False = any(&lt;generator object TestClubs.test_my_and_city_lists.&lt;locals&gt;.&lt;genexpr&gt; at 0xfdaa0353fae0&gt;)">E   assert False
     +  where False = any(&lt;generator object TestClubs.test_my_and_city_lists.&lt;locals&gt;.&lt;genexpr&gt; at 0xfdaa0353fae0&gt;)</failure></testcase><testcase classname="backend.tests.backend_test.TestClubs" name="test_detail_and_members" time="0.228" /><testcase classname="backend.tests.backend_test.TestClubs" name="test_join_and_leave" time="0.427" /><testcase classname="backend.tests.backend_test.TestClubs" name="test_territory_and_leaderboards" time="0.305" /><testcase classname="backend.tests.backend_test.TestClubs" name="test_delete_permissions" time="0.207" /><testcase classname="backend.tests.backend_test.TestStats" name="test_terra_stats" time="0.151" /><testcase classname="backend.tests.backend_test.TestStats" name="test_runs_stats_consistent" time="0.220" /></testsuite></testsuites>